[2025-11-14 12:07:04] [INFO] ===== DATA DOWNLOAD SESSION START =====
[2025-11-14 12:07:04] [INFO] Run parameters: START=2021-01-01, END=2025-11-13
[2025-11-14 12:07:04] [INFO] Tickers: AAPL, MSFT, GOOGL, AMZN, META, NVDA, JPM, BAC, XOM, CVX, JNJ, PFE, WMT, PG, KO
[2025-11-14 12:07:04] [INFO] ----------------------------------------
[2025-11-14 12:07:04] [INFO] [OK] AAPL: Downloaded 1223 rows
[2025-11-14 12:07:04] [INFO] [OK] MSFT: Downloaded 1223 rows
[2025-11-14 12:07:04] [INFO] [OK] GOOGL: Downloaded 1223 rows
[2025-11-14 12:07:04] [INFO] [OK] AMZN: Downloaded 1223 rows
[2025-11-14 12:07:05] [INFO] [OK] META: Downloaded 1222 rows
[2025-11-14 12:07:05] [INFO] [OK] NVDA: Downloaded 1223 rows
[2025-11-14 12:07:05] [INFO] [OK] JPM: Downloaded 1223 rows
[2025-11-14 12:07:05] [INFO] [OK] BAC: Downloaded 1223 rows
[2025-11-14 12:07:05] [INFO] [OK] XOM: Downloaded 1223 rows
[2025-11-14 12:07:05] [INFO] [OK] CVX: Downloaded 1223 rows
[2025-11-14 12:07:05] [INFO] [OK] JNJ: Downloaded 1223 rows
[2025-11-14 12:07:06] [INFO] [OK] PFE: Downloaded 1223 rows
[2025-11-14 12:07:06] [INFO] [OK] WMT: Downloaded 1223 rows
[2025-11-14 12:07:06] [INFO] [OK] PG: Downloaded 1223 rows
[2025-11-14 12:07:06] [INFO] [OK] KO: Downloaded 1223 rows
[2025-11-14 12:07:06] [INFO] [SAVED] data_/prices.csv (1223 rows x 16 cols)
[2025-11-14 12:07:06] [INFO] ===== DATA DOWNLOAD SESSION COMPLETE =====

