[2025-11-12 17:44:24] [INFO] ===== DATA DOWNLOAD SESSION START =====
[2025-11-12 17:44:24] [INFO] Run parameters: START=2021-01-01, END=2025-01-01
[2025-11-12 17:44:24] [INFO] Tickers: AAPL, MSFT, GOOGL, AMZN, META, NVDA, JPM, BAC, XOM, CVX, JNJ, PFE, WMT, PG, KO
[2025-11-12 17:44:24] [INFO] ----------------------------------------
[2025-11-12 17:44:24] [INFO] [OK] AAPL: Downloaded 1005 rows
[2025-11-12 17:44:25] [INFO] [OK] MSFT: Downloaded 1005 rows
[2025-11-12 17:44:25] [INFO] [OK] GOOGL: Downloaded 1005 rows
[2025-11-12 17:44:25] [INFO] [OK] AMZN: Downloaded 1005 rows
[2025-11-12 17:44:25] [INFO] [OK] META: Downloaded 1004 rows
[2025-11-12 17:44:25] [INFO] [OK] NVDA: Downloaded 1005 rows
[2025-11-12 17:44:25] [INFO] [OK] JPM: Downloaded 1005 rows
[2025-11-12 17:44:25] [INFO] [OK] BAC: Downloaded 1005 rows
[2025-11-12 17:44:25] [INFO] [OK] XOM: Downloaded 1005 rows
[2025-11-12 17:44:25] [INFO] [OK] CVX: Downloaded 1005 rows
[2025-11-12 17:44:26] [INFO] [OK] JNJ: Downloaded 1005 rows
[2025-11-12 17:44:26] [INFO] [OK] PFE: Downloaded 1005 rows
[2025-11-12 17:44:26] [INFO] [OK] WMT: Downloaded 1005 rows
[2025-11-12 17:44:26] [INFO] [OK] PG: Downloaded 1005 rows
[2025-11-12 17:44:26] [INFO] [OK] KO: Downloaded 1005 rows
[2025-11-12 17:44:26] [INFO] [SAVED] data_/prices.csv (1005 rows x 16 cols)
[2025-11-12 17:44:26] [INFO] ===== DATA DOWNLOAD SESSION COMPLETE =====[2025-11-12 18:01:20] [INFO] ===== DATA DOWNLOAD SESSION START =====
[2025-11-12 18:01:20] [INFO] Run parameters: START=2021-01-01, END=2025-01-01
[2025-11-12 18:01:20] [INFO] Tickers: AAPL, MSFT, GOOGL, AMZN, META, NVDA, JPM, BAC, XOM, CVX, JNJ, PFE, WMT, PG, KO
[2025-11-12 18:01:20] [INFO] ----------------------------------------
[2025-11-12 18:01:20] [INFO] [OK] AAPL: Downloaded 1005 rows
[2025-11-12 18:01:21] [INFO] [OK] MSFT: Downloaded 1005 rows
[2025-11-12 18:01:21] [INFO] [OK] GOOGL: Downloaded 1005 rows
[2025-11-12 18:01:21] [INFO] [OK] AMZN: Downloaded 1005 rows
[2025-11-12 18:01:21] [INFO] [OK] META: Downloaded 1004 rows
[2025-11-12 18:01:21] [INFO] [OK] NVDA: Downloaded 1005 rows
[2025-11-12 18:01:21] [INFO] [OK] JPM: Downloaded 1005 rows
[2025-11-12 18:01:21] [INFO] [OK] BAC: Downloaded 1005 rows
[2025-11-12 18:01:21] [INFO] [OK] XOM: Downloaded 1005 rows
[2025-11-12 18:01:21] [INFO] [OK] CVX: Downloaded 1005 rows
[2025-11-12 18:01:21] [INFO] [OK] JNJ: Downloaded 1005 rows
[2025-11-12 18:01:22] [INFO] [OK] PFE: Downloaded 1005 rows
[2025-11-12 18:01:22] [INFO] [OK] WMT: Downloaded 1005 rows
[2025-11-12 18:01:22] [INFO] [OK] PG: Downloaded 1005 rows
[2025-11-12 18:01:22] [INFO] [OK] KO: Downloaded 1005 rows
[2025-11-12 18:01:22] [INFO] [SAVED] data_/prices.csv (1005 rows x 16 cols)
[2025-11-12 18:01:22] [INFO] ===== DATA DOWNLOAD SESSION COMPLETE =====

[2025-11-12 18:02:00] [INFO] ===== DATA DOWNLOAD SESSION START =====
[2025-11-12 18:02:00] [INFO] Run parameters: START=2021-01-01, END=2025-11-12
[2025-11-12 18:02:00] [INFO] Tickers: AAPL, MSFT, GOOGL, AMZN, META, NVDA, JPM, BAC, XOM, CVX, JNJ, PFE, WMT, PG, KO
[2025-11-12 18:02:00] [INFO] ----------------------------------------
[2025-11-12 18:02:00] [INFO] [OK] AAPL: Downloaded 1222 rows
[2025-11-12 18:02:01] [INFO] [OK] MSFT: Downloaded 1222 rows
[2025-11-12 18:02:01] [INFO] [OK] GOOGL: Downloaded 1222 rows
[2025-11-12 18:02:01] [INFO] [OK] AMZN: Downloaded 1222 rows
[2025-11-12 18:02:01] [INFO] [OK] META: Downloaded 1221 rows
[2025-11-12 18:02:01] [INFO] [OK] NVDA: Downloaded 1222 rows
[2025-11-12 18:02:01] [INFO] [OK] JPM: Downloaded 1222 rows
[2025-11-12 18:02:01] [INFO] [OK] BAC: Downloaded 1222 rows
[2025-11-12 18:02:01] [INFO] [OK] XOM: Downloaded 1222 rows
[2025-11-12 18:02:02] [INFO] [OK] CVX: Downloaded 1222 rows
[2025-11-12 18:02:02] [INFO] [OK] JNJ: Downloaded 1222 rows
[2025-11-12 18:02:02] [INFO] [OK] PFE: Downloaded 1222 rows
[2025-11-12 18:02:02] [INFO] [OK] WMT: Downloaded 1222 rows
[2025-11-12 18:02:02] [INFO] [OK] PG: Downloaded 1222 rows
[2025-11-12 18:02:02] [INFO] [OK] KO: Downloaded 1222 rows
[2025-11-12 18:02:02] [INFO] [SAVED] data_/prices.csv (1222 rows x 16 cols)
[2025-11-12 18:02:02] [INFO] ===== DATA DOWNLOAD SESSION COMPLETE =====

